<?xml version="1.0" encoding="UTF-8"?>
<!-- Generated by org.testng.reporters.JUnitXMLReporter -->
<testsuite ignored="0" hostname="LAPTOP-ERTU336G" failures="1" tests="1" name="ChromeTest" time="39.069" errors="0" timestamp="2023-07-12T12:16:51 IST">
  <testcase classname="testCases.RB_loadcreationtest_001" name="test_loadCreation" time="10.246">
    <failure type="java.lang.AssertionError" message="null">
      <![CDATA[java.lang.AssertionError: null
at testCases.RB_loadcreationtest_001.test_loadCreation(RB_loadcreationtest_001.java:79)
at java.base/java.util.ArrayList.forEach(ArrayList.java:1511)
at java.base/java.util.concurrent.FutureTask.run(FutureTask.java:264)
at java.base/java.util.concurrent.ThreadPoolExecutor.runWorker(ThreadPoolExecutor.java:1136)
at java.base/java.util.concurrent.ThreadPoolExecutor$Worker.run(ThreadPoolExecutor.java:635)
at java.base/java.lang.Thread.run(Thread.java:833)
... Removed 19 stack frames]]>
    </failure>
  </testcase> <!-- test_loadCreation -->
</testsuite> <!-- ChromeTest -->
